# JRE version: OpenJDK Runtime Environment (8.0_152-b01) (build 1.8.0_152-release-1024-b01)
# Java VM: OpenJDK 64-Bit Server VM (25.152-b01 mixed mode linux-amd64 compressed oops)
Heap:
 PSYoungGen      total 349696K, used 0K [0x00000000e0000000, 0x0000000100000000, 0x0000000100000000)
  eden space 175104K, 0% used [0x00000000e0000000,0x00000000e0000000,0x00000000eab00000)
  from space 174592K, 0% used [0x00000000eab00000,0x00000000eab00000,0x00000000f5580000)
  to   space 174592K, 0% used [0x00000000f5580000,0x00000000f5580000,0x0000000100000000)
 ParOldGen       total 295936K, used 175251K [0x00000000a0000000, 0x00000000b2100000, 0x00000000e0000000)
  object space 295936K, 59% used [0x00000000a0000000,0x00000000aab24f80,0x00000000b2100000)
 Metaspace       used 90960K, capacity 94806K, committed 95960K, reserved 1132544K
  class space    used 11399K, capacity 12164K, committed 12288K, reserved 1048576K
GC Heap History (10 events):
Event: 9951.124 GC heap after
Heap after GC invocations=68 (full 9):
 PSYoungGen      total 406528K, used 23612K [0x00000000e0000000, 0x00000000ff900000, 0x0000000100000000)
  eden space 300544K, 0% used [0x00000000e0000000,0x00000000e0000000,0x00000000f2580000)
  from space 105984K, 22% used [0x00000000f2580000,0x00000000f3c8f2d0,0x00000000f8d00000)
  to   space 99840K, 0% used [0x00000000f9780000,0x00000000f9780000,0x00000000ff900000)
 ParOldGen       total 295936K, used 99540K [0x00000000a0000000, 0x00000000b2100000, 0x00000000e0000000)
  object space 295936K, 33% used [0x00000000a0000000,0x00000000a6135388,0x00000000b2100000)
 Metaspace       used 90850K, capacity 94706K, committed 94936K, reserved 1132544K
  class space    used 11402K, capacity 12170K, committed 12288K, reserved 1048576K
}
Event: 9953.791 GC heap before
{Heap before GC invocations=69 (full 9):
 PSYoungGen      total 406528K, used 324156K [0x00000000e0000000, 0x00000000ff900000, 0x0000000100000000)
  eden space 300544K, 100% used [0x00000000e0000000,0x00000000f2580000,0x00000000f2580000)
  from space 105984K, 22% used [0x00000000f2580000,0x00000000f3c8f2d0,0x00000000f8d00000)
  to   space 99840K, 0% used [0x00000000f9780000,0x00000000f9780000,0x00000000ff900000)
 ParOldGen       total 295936K, used 99540K [0x00000000a0000000, 0x00000000b2100000, 0x00000000e0000000)
  object space 295936K, 33% used [0x00000000a0000000,0x00000000a6135388,0x00000000b2100000)
 Metaspace       used 91238K, capacity 95138K, committed 95192K, reserved 1132544K
  class space    used 11445K, capacity 12248K, committed 12288K, reserved 1048576K
Event: 9953.888 GC heap after
Heap after GC invocations=69 (full 9):
 PSYoungGen      total 400896K, used 81237K [0x00000000e0000000, 0x0000000100000000, 0x0000000100000000)
  eden space 301056K, 0% used [0x00000000e0000000,0x00000000e0000000,0x00000000f2600000)
  from space 99840K, 81% used [0x00000000f9780000,0x00000000fe6d5728,0x00000000ff900000)
  to   space 111616K, 0% used [0x00000000f2600000,0x00000000f2600000,0x00000000f9300000)
 ParOldGen       total 295936K, used 99548K [0x00000000a0000000, 0x00000000b2100000, 0x00000000e0000000)
  object space 295936K, 33% used [0x00000000a0000000,0x00000000a6137388,0x00000000b2100000)
 Metaspace       used 91238K, capacity 95138K, committed 95192K, reserved 1132544K
  class space    used 11445K, capacity 12248K, committed 12288K, reserved 1048576K
}
Event: 9955.481 GC heap before
{Heap before GC invocations=70 (full 9):
 PSYoungGen      total 400896K, used 382293K [0x00000000e0000000, 0x0000000100000000, 0x0000000100000000)
  eden space 301056K, 100% used [0x00000000e0000000,0x00000000f2600000,0x00000000f2600000)
  from space 99840K, 81% used [0x00000000f9780000,0x00000000fe6d5728,0x00000000ff900000)
  to   space 111616K, 0% used [0x00000000f2600000,0x00000000f2600000,0x00000000f9300000)
 ParOldGen       total 295936K, used 99548K [0x00000000a0000000, 0x00000000b2100000, 0x00000000e0000000)
  object space 295936K, 33% used [0x00000000a0000000,0x00000000a6137388,0x00000000b2100000)
 Metaspace       used 91664K, capacity 95572K, committed 95704K, reserved 1132544K
  class space    used 11484K, capacity 12283K, committed 12288K, reserved 1048576K
Event: 9955.671 GC heap after
Heap after GC invocations=70 (full 9):
 PSYoungGen      total 412672K, used 111609K [0x00000000e0000000, 0x0000000100000000, 0x0000000100000000)
  eden space 301056K, 0% used [0x00000000e0000000,0x00000000e0000000,0x00000000f2600000)
  from space 111616K, 99% used [0x00000000f2600000,0x00000000f92fe780,0x00000000f9300000)
  to   space 111616K, 0% used [0x00000000f9300000,0x00000000f9300000,0x0000000100000000)
 ParOldGen       total 295936K, used 151353K [0x00000000a0000000, 0x00000000b2100000, 0x00000000e0000000)
  object space 295936K, 51% used [0x00000000a0000000,0x00000000a93ce458,0x00000000b2100000)
 Metaspace       used 91664K, capacity 95572K, committed 95704K, reserved 1132544K
  class space    used 11484K, capacity 12283K, committed 12288K, reserved 1048576K
}
Event: 9959.825 GC heap before
{Heap before GC invocations=71 (full 9):
 PSYoungGen      total 412672K, used 412665K [0x00000000e0000000, 0x0000000100000000, 0x0000000100000000)
  eden space 301056K, 100% used [0x00000000e0000000,0x00000000f2600000,0x00000000f2600000)
  from space 111616K, 99% used [0x00000000f2600000,0x00000000f92fe780,0x00000000f9300000)
  to   space 111616K, 0% used [0x00000000f9300000,0x00000000f9300000,0x0000000100000000)
 ParOldGen       total 295936K, used 151353K [0x00000000a0000000, 0x00000000b2100000, 0x00000000e0000000)
  object space 295936K, 51% used [0x00000000a0000000,0x00000000a93ce458,0x00000000b2100000)
 Metaspace       used 91738K, capacity 95712K, committed 95960K, reserved 1132544K
  class space    used 11486K, capacity 12285K, committed 12288K, reserved 1048576K
Event: 9960.008 GC heap after
Heap after GC invocations=71 (full 9):
 PSYoungGen      total 286720K, used 111597K [0x00000000e0000000, 0x0000000100000000, 0x0000000100000000)
  eden space 175104K, 0% used [0x00000000e0000000,0x00000000e0000000,0x00000000eab00000)
  from space 111616K, 99% used [0x00000000f9300000,0x00000000ffffb4a8,0x0000000100000000)
  to   space 174592K, 0% used [0x00000000eab00000,0x00000000eab00000,0x00000000f5580000)
 ParOldGen       total 295936K, used 181402K [0x00000000a0000000, 0x00000000b2100000, 0x00000000e0000000)
  object space 295936K, 61% used [0x00000000a0000000,0x00000000ab126920,0x00000000b2100000)
 Metaspace       used 91738K, capacity 95712K, committed 95960K, reserved 1132544K
  class space    used 11486K, capacity 12285K, committed 12288K, reserved 1048576K
}
Event: 9961.593 GC heap before
{Heap before GC invocations=72 (full 9):
 PSYoungGen      total 286720K, used 286701K [0x00000000e0000000, 0x0000000100000000, 0x0000000100000000)
  eden space 175104K, 100% used [0x00000000e0000000,0x00000000eab00000,0x00000000eab00000)
  from space 111616K, 99% used [0x00000000f9300000,0x00000000ffffb4a8,0x0000000100000000)
  to   space 174592K, 0% used [0x00000000eab00000,0x00000000eab00000,0x00000000f5580000)
 ParOldGen       total 295936K, used 181402K [0x00000000a0000000, 0x00000000b2100000, 0x00000000e0000000)
  object space 295936K, 61% used [0x00000000a0000000,0x00000000ab126920,0x00000000b2100000)
 Metaspace       used 91745K, capacity 95712K, committed 95960K, reserved 1132544K
  class space    used 11486K, capacity 12285K, committed 12288K, reserved 1048576K
Event: 9961.822 GC heap after
Heap after GC invocations=72 (full 9):
 PSYoungGen      total 349696K, used 123587K [0x00000000e0000000, 0x0000000100000000, 0x0000000100000000)
  eden space 175104K, 0% used [0x00000000e0000000,0x00000000e0000000,0x00000000eab00000)
  from space 174592K, 70% used [0x00000000eab00000,0x00000000f23b0e20,0x00000000f5580000)
  to   space 174592K, 0% used [0x00000000f5580000,0x00000000f5580000,0x0000000100000000)
 ParOldGen       total 295936K, used 236788K [0x00000000a0000000, 0x00000000b2100000, 0x00000000e0000000)
  object space 295936K, 80% used [0x00000000a0000000,0x00000000ae73d1e0,0x00000000b2100000)
 Metaspace       used 91745K, capacity 95712K, committed 95960K, reserved 1132544K
  class space    used 11486K, capacity 12285K, committed 12288K, reserved 1048576K
}
Event: 9961.822 GC heap before
{Heap before GC invocations=73 (full 10):
 PSYoungGen      total 349696K, used 123587K [0x00000000e0000000, 0x0000000100000000, 0x0000000100000000)
  eden space 175104K, 0% used [0x00000000e0000000,0x00000000e0000000,0x00000000eab00000)
  from space 174592K, 70% used [0x00000000eab00000,0x00000000f23b0e20,0x00000000f5580000)
  to   space 174592K, 0% used [0x00000000f5580000,0x00000000f5580000,0x0000000100000000)
 ParOldGen       total 295936K, used 236788K [0x00000000a0000000, 0x00000000b2100000, 0x00000000e0000000)
  object space 295936K, 80% used [0x00000000a0000000,0x00000000ae73d1e0,0x00000000b2100000)
 Metaspace       used 91745K, capacity 95712K, committed 95960K, reserved 1132544K
  class space    used 11486K, capacity 12285K, committed 12288K, reserved 1048576K

