# JRE version: OpenJDK Runtime Environment (8.0_152-b06) (build 1.8.0_152-release-1136-b06)
# Java VM: OpenJDK 64-Bit Server VM (25.152-b06 mixed mode linux-amd64 compressed oops)
Heap:
 PSYoungGen      total 390144K, used 0K [0x00000000e0000000, 0x0000000100000000, 0x0000000100000000)
  eden space 253952K, 0% used [0x00000000e0000000,0x00000000e0000000,0x00000000ef800000)
  from space 136192K, 0% used [0x00000000f7b00000,0x00000000f7b00000,0x0000000100000000)
  to   space 134144K, 0% used [0x00000000ef800000,0x00000000ef800000,0x00000000f7b00000)
 ParOldGen       total 325632K, used 216106K [0x00000000a0000000, 0x00000000b3e00000, 0x00000000e0000000)
  object space 325632K, 66% used [0x00000000a0000000,0x00000000ad30aaf8,0x00000000b3e00000)
 Metaspace       used 100619K, capacity 105608K, committed 105984K, reserved 1142784K
  class space    used 12546K, capacity 13457K, committed 13568K, reserved 1048576K
GC Heap History (10 events):
Event: 1007.006 GC heap after
Heap after GC invocations=79 (full 11):
 PSYoungGen      total 390656K, used 0K [0x00000000e0000000, 0x0000000100000000, 0x0000000100000000)
  eden space 253440K, 0% used [0x00000000e0000000,0x00000000e0000000,0x00000000ef780000)
  from space 137216K, 0% used [0x00000000f7a00000,0x00000000f7a00000,0x0000000100000000)
  to   space 133632K, 0% used [0x00000000ef780000,0x00000000ef780000,0x00000000f7a00000)
 ParOldGen       total 325632K, used 75649K [0x00000000a0000000, 0x00000000b3e00000, 0x00000000e0000000)
  object space 325632K, 23% used [0x00000000a0000000,0x00000000a49e0400,0x00000000b3e00000)
 Metaspace       used 99764K, capacity 104518K, committed 105984K, reserved 1142784K
  class space    used 12465K, capacity 13350K, committed 13568K, reserved 1048576K
}
Event: 1087.035 GC heap before
{Heap before GC invocations=80 (full 11):
 PSYoungGen      total 390656K, used 253440K [0x00000000e0000000, 0x0000000100000000, 0x0000000100000000)
  eden space 253440K, 100% used [0x00000000e0000000,0x00000000ef780000,0x00000000ef780000)
  from space 137216K, 0% used [0x00000000f7a00000,0x00000000f7a00000,0x0000000100000000)
  to   space 133632K, 0% used [0x00000000ef780000,0x00000000ef780000,0x00000000f7a00000)
 ParOldGen       total 325632K, used 75649K [0x00000000a0000000, 0x00000000b3e00000, 0x00000000e0000000)
  object space 325632K, 23% used [0x00000000a0000000,0x00000000a49e0400,0x00000000b3e00000)
 Metaspace       used 99825K, capacity 104650K, committed 105984K, reserved 1142784K
  class space    used 12466K, capacity 13350K, committed 13568K, reserved 1048576K
Event: 1087.077 GC heap after
Heap after GC invocations=80 (full 11):
 PSYoungGen      total 277504K, used 23991K [0x00000000e0000000, 0x00000000ff380000, 0x0000000100000000)
  eden space 253440K, 0% used [0x00000000e0000000,0x00000000e0000000,0x00000000ef780000)
  from space 24064K, 99% used [0x00000000ef780000,0x00000000f0eedc08,0x00000000f0f00000)
  to   space 129024K, 0% used [0x00000000f7580000,0x00000000f7580000,0x00000000ff380000)
 ParOldGen       total 325632K, used 75657K [0x00000000a0000000, 0x00000000b3e00000, 0x00000000e0000000)
  object space 325632K, 23% used [0x00000000a0000000,0x00000000a49e2400,0x00000000b3e00000)
 Metaspace       used 99825K, capacity 104650K, committed 105984K, reserved 1142784K
  class space    used 12466K, capacity 13350K, committed 13568K, reserved 1048576K
}
Event: 1088.955 GC heap before
{Heap before GC invocations=81 (full 11):
 PSYoungGen      total 277504K, used 277431K [0x00000000e0000000, 0x00000000ff380000, 0x0000000100000000)
  eden space 253440K, 100% used [0x00000000e0000000,0x00000000ef780000,0x00000000ef780000)
  from space 24064K, 99% used [0x00000000ef780000,0x00000000f0eedc08,0x00000000f0f00000)
  to   space 129024K, 0% used [0x00000000f7580000,0x00000000f7580000,0x00000000ff380000)
 ParOldGen       total 325632K, used 75657K [0x00000000a0000000, 0x00000000b3e00000, 0x00000000e0000000)
  object space 325632K, 23% used [0x00000000a0000000,0x00000000a49e2400,0x00000000b3e00000)
 Metaspace       used 100141K, capacity 105078K, committed 105984K, reserved 1142784K
  class space    used 12504K, capacity 13390K, committed 13568K, reserved 1048576K
Event: 1089.043 GC heap after
Heap after GC invocations=81 (full 11):
 PSYoungGen      total 381440K, used 71014K [0x00000000e0000000, 0x0000000100000000, 0x0000000100000000)
  eden space 252416K, 0% used [0x00000000e0000000,0x00000000e0000000,0x00000000ef680000)
  from space 129024K, 55% used [0x00000000f7580000,0x00000000fbad99d0,0x00000000ff380000)
  to   space 130048K, 0% used [0x00000000ef680000,0x00000000ef680000,0x00000000f7580000)
 ParOldGen       total 325632K, used 97501K [0x00000000a0000000, 0x00000000b3e00000, 0x00000000e0000000)
  object space 325632K, 29% used [0x00000000a0000000,0x00000000a5f377d8,0x00000000b3e00000)
 Metaspace       used 100141K, capacity 105078K, committed 105984K, reserved 1142784K
  class space    used 12504K, capacity 13390K, committed 13568K, reserved 1048576K
}
Event: 1089.919 GC heap before
{Heap before GC invocations=82 (full 11):
 PSYoungGen      total 381440K, used 323430K [0x00000000e0000000, 0x0000000100000000, 0x0000000100000000)
  eden space 252416K, 100% used [0x00000000e0000000,0x00000000ef680000,0x00000000ef680000)
  from space 129024K, 55% used [0x00000000f7580000,0x00000000fbad99d0,0x00000000ff380000)
  to   space 130048K, 0% used [0x00000000ef680000,0x00000000ef680000,0x00000000f7580000)
 ParOldGen       total 325632K, used 97501K [0x00000000a0000000, 0x00000000b3e00000, 0x00000000e0000000)
  object space 325632K, 29% used [0x00000000a0000000,0x00000000a5f377d8,0x00000000b3e00000)
 Metaspace       used 100607K, capacity 105608K, committed 105984K, reserved 1142784K
  class space    used 12545K, capacity 13457K, committed 13568K, reserved 1048576K
Event: 1090.037 GC heap after
Heap after GC invocations=82 (full 11):
 PSYoungGen      total 382464K, used 85776K [0x00000000e0000000, 0x0000000100000000, 0x0000000100000000)
  eden space 252416K, 0% used [0x00000000e0000000,0x00000000e0000000,0x00000000ef680000)
  from space 130048K, 65% used [0x00000000ef680000,0x00000000f4a44140,0x00000000f7580000)
  to   space 136192K, 0% used [0x00000000f7b00000,0x00000000f7b00000,0x0000000100000000)
 ParOldGen       total 325632K, used 157843K [0x00000000a0000000, 0x00000000b3e00000, 0x00000000e0000000)
  object space 325632K, 48% used [0x00000000a0000000,0x00000000a9a24cd0,0x00000000b3e00000)
 Metaspace       used 100607K, capacity 105608K, committed 105984K, reserved 1142784K
  class space    used 12545K, capacity 13457K, committed 13568K, reserved 1048576K
}
Event: 1091.664 GC heap before
{Heap before GC invocations=83 (full 11):
 PSYoungGen      total 382464K, used 338192K [0x00000000e0000000, 0x0000000100000000, 0x0000000100000000)
  eden space 252416K, 100% used [0x00000000e0000000,0x00000000ef680000,0x00000000ef680000)
  from space 130048K, 65% used [0x00000000ef680000,0x00000000f4a44140,0x00000000f7580000)
  to   space 136192K, 0% used [0x00000000f7b00000,0x00000000f7b00000,0x0000000100000000)
 ParOldGen       total 325632K, used 157843K [0x00000000a0000000, 0x00000000b3e00000, 0x00000000e0000000)
  object space 325632K, 48% used [0x00000000a0000000,0x00000000a9a24cd0,0x00000000b3e00000)
 Metaspace       used 100619K, capacity 105608K, committed 105984K, reserved 1142784K
  class space    used 12546K, capacity 13457K, committed 13568K, reserved 1048576K
Event: 1091.761 GC heap after
Heap after GC invocations=83 (full 11):
 PSYoungGen      total 390144K, used 13288K [0x00000000e0000000, 0x0000000100000000, 0x0000000100000000)
  eden space 253952K, 0% used [0x00000000e0000000,0x00000000e0000000,0x00000000ef800000)
  from space 136192K, 9% used [0x00000000f7b00000,0x00000000f87fa1f8,0x0000000100000000)
  to   space 134144K, 0% used [0x00000000ef800000,0x00000000ef800000,0x00000000f7b00000)
 ParOldGen       total 325632K, used 237478K [0x00000000a0000000, 0x00000000b3e00000, 0x00000000e0000000)
  object space 325632K, 72% used [0x00000000a0000000,0x00000000ae7e9b78,0x00000000b3e00000)
 Metaspace       used 100619K, capacity 105608K, committed 105984K, reserved 1142784K
  class space    used 12546K, capacity 13457K, committed 13568K, reserved 1048576K
}
Event: 1091.776 GC heap before
{Heap before GC invocations=84 (full 12):
 PSYoungGen      total 390144K, used 13288K [0x00000000e0000000, 0x0000000100000000, 0x0000000100000000)
  eden space 253952K, 0% used [0x00000000e0000000,0x00000000e0000000,0x00000000ef800000)
  from space 136192K, 9% used [0x00000000f7b00000,0x00000000f87fa1f8,0x0000000100000000)
  to   space 134144K, 0% used [0x00000000ef800000,0x00000000ef800000,0x00000000f7b00000)
 ParOldGen       total 325632K, used 237478K [0x00000000a0000000, 0x00000000b3e00000, 0x00000000e0000000)
  object space 325632K, 72% used [0x00000000a0000000,0x00000000ae7e9b78,0x00000000b3e00000)
 Metaspace       used 100619K, capacity 105608K, committed 105984K, reserved 1142784K
  class space    used 12546K, capacity 13457K, committed 13568K, reserved 1048576K

