# JRE version: OpenJDK Runtime Environment (8.0_152-b01) (build 1.8.0_152-release-1024-b01)
# Java VM: OpenJDK 64-Bit Server VM (25.152-b01 mixed mode linux-amd64 compressed oops)
Heap:
 PSYoungGen      total 423424K, used 0K [0x00000000e0000000, 0x0000000100000000, 0x0000000100000000)
  eden space 322560K, 0% used [0x00000000e0000000,0x00000000e0000000,0x00000000f3b00000)
  from space 100864K, 0% used [0x00000000f3b00000,0x00000000f3b00000,0x00000000f9d80000)
  to   space 100864K, 0% used [0x00000000f9d80000,0x00000000f9d80000,0x0000000100000000)
 ParOldGen       total 305152K, used 211994K [0x00000000a0000000, 0x00000000b2a00000, 0x00000000e0000000)
  object space 305152K, 69% used [0x00000000a0000000,0x00000000acf06b70,0x00000000b2a00000)
 Metaspace       used 86748K, capacity 90059K, committed 90328K, reserved 1128448K
  class space    used 11081K, capacity 11760K, committed 11776K, reserved 1048576K
GC Heap History (10 events):
Event: 84.160 GC heap after
Heap after GC invocations=45 (full 6):
 PSYoungGen      total 432128K, used 64296K [0x00000000e0000000, 0x0000000100000000, 0x0000000100000000)
  eden space 367616K, 0% used [0x00000000e0000000,0x00000000e0000000,0x00000000f6700000)
  from space 64512K, 99% used [0x00000000f6700000,0x00000000fa5ca000,0x00000000fa600000)
  to   space 87552K, 0% used [0x00000000faa80000,0x00000000faa80000,0x0000000100000000)
 ParOldGen       total 305152K, used 153057K [0x00000000a0000000, 0x00000000b2a00000, 0x00000000e0000000)
  object space 305152K, 50% used [0x00000000a0000000,0x00000000a9578468,0x00000000b2a00000)
 Metaspace       used 72842K, capacity 75700K, committed 75736K, reserved 1114112K
  class space    used 9654K, capacity 10216K, committed 10240K, reserved 1048576K
}
Event: 85.400 GC heap before
{Heap before GC invocations=46 (full 6):
 PSYoungGen      total 432128K, used 431912K [0x00000000e0000000, 0x0000000100000000, 0x0000000100000000)
  eden space 367616K, 100% used [0x00000000e0000000,0x00000000f6700000,0x00000000f6700000)
  from space 64512K, 99% used [0x00000000f6700000,0x00000000fa5ca000,0x00000000fa600000)
  to   space 87552K, 0% used [0x00000000faa80000,0x00000000faa80000,0x0000000100000000)
 ParOldGen       total 305152K, used 217570K [0x00000000a0000000, 0x00000000b2a00000, 0x00000000e0000000)
  object space 305152K, 71% used [0x00000000a0000000,0x00000000ad478858,0x00000000b2a00000)
 Metaspace       used 73050K, capacity 75904K, committed 76120K, reserved 1116160K
  class space    used 9686K, capacity 10258K, committed 10368K, reserved 1048576K
Event: 85.421 GC heap after
Heap after GC invocations=46 (full 6):
 PSYoungGen      total 440320K, used 16515K [0x00000000e0000000, 0x0000000100000000, 0x0000000100000000)
  eden space 352768K, 0% used [0x00000000e0000000,0x00000000e0000000,0x00000000f5880000)
  from space 87552K, 18% used [0x00000000faa80000,0x00000000fbaa0f68,0x0000000100000000)
  to   space 83968K, 0% used [0x00000000f5880000,0x00000000f5880000,0x00000000faa80000)
 ParOldGen       total 305152K, used 217578K [0x00000000a0000000, 0x00000000b2a00000, 0x00000000e0000000)
  object space 305152K, 71% used [0x00000000a0000000,0x00000000ad47a858,0x00000000b2a00000)
 Metaspace       used 73050K, capacity 75904K, committed 76120K, reserved 1116160K
  class space    used 9686K, capacity 10258K, committed 10368K, reserved 1048576K
}
Event: 164.381 GC heap before
{Heap before GC invocations=47 (full 6):
 PSYoungGen      total 440320K, used 369283K [0x00000000e0000000, 0x0000000100000000, 0x0000000100000000)
  eden space 352768K, 100% used [0x00000000e0000000,0x00000000f5880000,0x00000000f5880000)
  from space 87552K, 18% used [0x00000000faa80000,0x00000000fbaa0f68,0x0000000100000000)
  to   space 83968K, 0% used [0x00000000f5880000,0x00000000f5880000,0x00000000faa80000)
 ParOldGen       total 305152K, used 217578K [0x00000000a0000000, 0x00000000b2a00000, 0x00000000e0000000)
  object space 305152K, 71% used [0x00000000a0000000,0x00000000ad47a858,0x00000000b2a00000)
 Metaspace       used 76630K, capacity 79630K, committed 79704K, reserved 1118208K
  class space    used 10025K, capacity 10619K, committed 10624K, reserved 1048576K
Event: 164.447 GC heap after
Heap after GC invocations=47 (full 6):
 PSYoungGen      total 374272K, used 21305K [0x00000000e0000000, 0x00000000ff480000, 0x0000000100000000)
  eden space 352768K, 0% used [0x00000000e0000000,0x00000000e0000000,0x00000000f5880000)
  from space 21504K, 99% used [0x00000000f5880000,0x00000000f6d4e620,0x00000000f6d80000)
  to   space 79872K, 0% used [0x00000000fa680000,0x00000000fa680000,0x00000000ff480000)
 ParOldGen       total 305152K, used 217586K [0x00000000a0000000, 0x00000000b2a00000, 0x00000000e0000000)
  object space 305152K, 71% used [0x00000000a0000000,0x00000000ad47c858,0x00000000b2a00000)
 Metaspace       used 76630K, capacity 79630K, committed 79704K, reserved 1118208K
  class space    used 10025K, capacity 10619K, committed 10624K, reserved 1048576K
}
Event: 171.796 GC heap before
{Heap before GC invocations=48 (full 6):
 PSYoungGen      total 374272K, used 374073K [0x00000000e0000000, 0x00000000ff480000, 0x0000000100000000)
  eden space 352768K, 100% used [0x00000000e0000000,0x00000000f5880000,0x00000000f5880000)
  from space 21504K, 99% used [0x00000000f5880000,0x00000000f6d4e620,0x00000000f6d80000)
  to   space 79872K, 0% used [0x00000000fa680000,0x00000000fa680000,0x00000000ff480000)
 ParOldGen       total 305152K, used 217586K [0x00000000a0000000, 0x00000000b2a00000, 0x00000000e0000000)
  object space 305152K, 71% used [0x00000000a0000000,0x00000000ad47c858,0x00000000b2a00000)
 Metaspace       used 84645K, capacity 87903K, committed 88152K, reserved 1126400K
  class space    used 10940K, capacity 11598K, committed 11648K, reserved 1048576K
Event: 171.918 GC heap after
Heap after GC invocations=48 (full 6):
 PSYoungGen      total 402432K, used 79840K [0x00000000e0000000, 0x0000000100000000, 0x0000000100000000)
  eden space 322560K, 0% used [0x00000000e0000000,0x00000000e0000000,0x00000000f3b00000)
  from space 79872K, 99% used [0x00000000fa680000,0x00000000ff4780c0,0x00000000ff480000)
  to   space 100864K, 0% used [0x00000000f3b00000,0x00000000f3b00000,0x00000000f9d80000)
 ParOldGen       total 305152K, used 236489K [0x00000000a0000000, 0x00000000b2a00000, 0x00000000e0000000)
  object space 305152K, 77% used [0x00000000a0000000,0x00000000ae6f26e8,0x00000000b2a00000)
 Metaspace       used 84645K, capacity 87903K, committed 88152K, reserved 1126400K
  class space    used 10940K, capacity 11598K, committed 11648K, reserved 1048576K
}
Event: 175.861 GC heap before
{Heap before GC invocations=49 (full 6):
 PSYoungGen      total 402432K, used 402400K [0x00000000e0000000, 0x0000000100000000, 0x0000000100000000)
  eden space 322560K, 100% used [0x00000000e0000000,0x00000000f3b00000,0x00000000f3b00000)
  from space 79872K, 99% used [0x00000000fa680000,0x00000000ff4780c0,0x00000000ff480000)
  to   space 100864K, 0% used [0x00000000f3b00000,0x00000000f3b00000,0x00000000f9d80000)
 ParOldGen       total 305152K, used 236489K [0x00000000a0000000, 0x00000000b2a00000, 0x00000000e0000000)
  object space 305152K, 77% used [0x00000000a0000000,0x00000000ae6f26e8,0x00000000b2a00000)
 Metaspace       used 86748K, capacity 90059K, committed 90328K, reserved 1128448K
  class space    used 11081K, capacity 11760K, committed 11776K, reserved 1048576K
Event: 176.069 GC heap after
Heap after GC invocations=49 (full 6):
 PSYoungGen      total 423424K, used 100843K [0x00000000e0000000, 0x0000000100000000, 0x0000000100000000)
  eden space 322560K, 0% used [0x00000000e0000000,0x00000000e0000000,0x00000000f3b00000)
  from space 100864K, 99% used [0x00000000f3b00000,0x00000000f9d7ad48,0x00000000f9d80000)
  to   space 100864K, 0% used [0x00000000f9d80000,0x00000000f9d80000,0x0000000100000000)
 ParOldGen       total 305152K, used 303584K [0x00000000a0000000, 0x00000000b2a00000, 0x00000000e0000000)
  object space 305152K, 99% used [0x00000000a0000000,0x00000000b2878188,0x00000000b2a00000)
 Metaspace       used 86748K, capacity 90059K, committed 90328K, reserved 1128448K
  class space    used 11081K, capacity 11760K, committed 11776K, reserved 1048576K
}
Event: 176.085 GC heap before
{Heap before GC invocations=50 (full 7):
 PSYoungGen      total 423424K, used 100843K [0x00000000e0000000, 0x0000000100000000, 0x0000000100000000)
  eden space 322560K, 0% used [0x00000000e0000000,0x00000000e0000000,0x00000000f3b00000)
  from space 100864K, 99% used [0x00000000f3b00000,0x00000000f9d7ad48,0x00000000f9d80000)
  to   space 100864K, 0% used [0x00000000f9d80000,0x00000000f9d80000,0x0000000100000000)
 ParOldGen       total 305152K, used 303584K [0x00000000a0000000, 0x00000000b2a00000, 0x00000000e0000000)
  object space 305152K, 99% used [0x00000000a0000000,0x00000000b2878188,0x00000000b2a00000)
 Metaspace       used 86748K, capacity 90059K, committed 90328K, reserved 1128448K
  class space    used 11081K, capacity 11760K, committed 11776K, reserved 1048576K

