# JRE version: OpenJDK Runtime Environment (8.0_152-b06) (build 1.8.0_152-release-1136-b06)
# Java VM: OpenJDK 64-Bit Server VM (25.152-b06 mixed mode linux-amd64 compressed oops)
Heap:
 PSYoungGen      total 349184K, used 4573K [0x00000000e0000000, 0x0000000100000000, 0x0000000100000000)
  eden space 271360K, 0% used [0x00000000e0000000,0x00000000e0000000,0x00000000f0900000)
  from space 77824K, 5% used [0x00000000fb400000,0x00000000fb877648,0x0000000100000000)
  to   space 126464K, 0% used [0x00000000f0900000,0x00000000f0900000,0x00000000f8480000)
 ParOldGen       total 207872K, used 207840K [0x00000000a0000000, 0x00000000acb00000, 0x00000000e0000000)
  object space 207872K, 99% used [0x00000000a0000000,0x00000000acaf82e8,0x00000000acb00000)
 Metaspace       used 89761K, capacity 92517K, committed 94080K, reserved 1130496K
  class space    used 11435K, capacity 12034K, committed 12416K, reserved 1048576K
GC Heap History (10 events):
Event: 183.635 GC heap after
Heap after GC invocations=23 (full 5):
 PSYoungGen      total 438272K, used 21661K [0x00000000e0000000, 0x0000000100000000, 0x0000000100000000)
  eden space 358912K, 0% used [0x00000000e0000000,0x00000000e0000000,0x00000000f5e80000)
  from space 79360K, 27% used [0x00000000fa880000,0x00000000fbda7488,0x00000000ff600000)
  to   space 75776K, 0% used [0x00000000f5e80000,0x00000000f5e80000,0x00000000fa880000)
 ParOldGen       total 207872K, used 79740K [0x00000000a0000000, 0x00000000acb00000, 0x00000000e0000000)
  object space 207872K, 38% used [0x00000000a0000000,0x00000000a4ddf238,0x00000000acb00000)
 Metaspace       used 88619K, capacity 91805K, committed 92032K, reserved 1128448K
  class space    used 11472K, capacity 12147K, committed 12160K, reserved 1048576K
}
Event: 184.102 GC heap before
{Heap before GC invocations=24 (full 5):
 PSYoungGen      total 438272K, used 380573K [0x00000000e0000000, 0x0000000100000000, 0x0000000100000000)
  eden space 358912K, 100% used [0x00000000e0000000,0x00000000f5e80000,0x00000000f5e80000)
  from space 79360K, 27% used [0x00000000fa880000,0x00000000fbda7488,0x00000000ff600000)
  to   space 75776K, 0% used [0x00000000f5e80000,0x00000000f5e80000,0x00000000fa880000)
 ParOldGen       total 207872K, used 79740K [0x00000000a0000000, 0x00000000acb00000, 0x00000000e0000000)
  object space 207872K, 38% used [0x00000000a0000000,0x00000000a4ddf238,0x00000000acb00000)
 Metaspace       used 88663K, capacity 91809K, committed 92032K, reserved 1128448K
  class space    used 11474K, capacity 12149K, committed 12160K, reserved 1048576K
Event: 184.120 GC heap after
Heap after GC invocations=24 (full 5):
 PSYoungGen      total 434688K, used 14705K [0x00000000e0000000, 0x00000000ff780000, 0x0000000100000000)
  eden space 358912K, 0% used [0x00000000e0000000,0x00000000e0000000,0x00000000f5e80000)
  from space 75776K, 19% used [0x00000000f5e80000,0x00000000f6cdc638,0x00000000fa880000)
  to   space 73216K, 0% used [0x00000000fb000000,0x00000000fb000000,0x00000000ff780000)
 ParOldGen       total 207872K, used 79748K [0x00000000a0000000, 0x00000000acb00000, 0x00000000e0000000)
  object space 207872K, 38% used [0x00000000a0000000,0x00000000a4de1238,0x00000000acb00000)
 Metaspace       used 88663K, capacity 91809K, committed 92032K, reserved 1128448K
  class space    used 11474K, capacity 12149K, committed 12160K, reserved 1048576K
}
Event: 235.196 GC heap before
{Heap before GC invocations=25 (full 5):
 PSYoungGen      total 434688K, used 373617K [0x00000000e0000000, 0x00000000ff780000, 0x0000000100000000)
  eden space 358912K, 100% used [0x00000000e0000000,0x00000000f5e80000,0x00000000f5e80000)
  from space 75776K, 19% used [0x00000000f5e80000,0x00000000f6cdc638,0x00000000fa880000)
  to   space 73216K, 0% used [0x00000000fb000000,0x00000000fb000000,0x00000000ff780000)
 ParOldGen       total 207872K, used 79748K [0x00000000a0000000, 0x00000000acb00000, 0x00000000e0000000)
  object space 207872K, 38% used [0x00000000a0000000,0x00000000a4de1238,0x00000000acb00000)
 Metaspace       used 89230K, capacity 92363K, committed 92672K, reserved 1130496K
  class space    used 11486K, capacity 12166K, committed 12288K, reserved 1048576K
Event: 235.218 GC heap after
Heap after GC invocations=25 (full 5):
 PSYoungGen      total 444416K, used 9996K [0x00000000e0000000, 0x00000000ff980000, 0x0000000100000000)
  eden space 371200K, 0% used [0x00000000e0000000,0x00000000e0000000,0x00000000f6a80000)
  from space 73216K, 13% used [0x00000000fb000000,0x00000000fb9c3230,0x00000000ff780000)
  to   space 71168K, 0% used [0x00000000f6a80000,0x00000000f6a80000,0x00000000fb000000)
 ParOldGen       total 207872K, used 79756K [0x00000000a0000000, 0x00000000acb00000, 0x00000000e0000000)
  object space 207872K, 38% used [0x00000000a0000000,0x00000000a4de3238,0x00000000acb00000)
 Metaspace       used 89230K, capacity 92363K, committed 92672K, reserved 1130496K
  class space    used 11486K, capacity 12166K, committed 12288K, reserved 1048576K
}
Event: 2245.253 GC heap before
{Heap before GC invocations=26 (full 5):
 PSYoungGen      total 444416K, used 381196K [0x00000000e0000000, 0x00000000ff980000, 0x0000000100000000)
  eden space 371200K, 100% used [0x00000000e0000000,0x00000000f6a80000,0x00000000f6a80000)
  from space 73216K, 13% used [0x00000000fb000000,0x00000000fb9c3230,0x00000000ff780000)
  to   space 71168K, 0% used [0x00000000f6a80000,0x00000000f6a80000,0x00000000fb000000)
 ParOldGen       total 207872K, used 79756K [0x00000000a0000000, 0x00000000acb00000, 0x00000000e0000000)
  object space 207872K, 38% used [0x00000000a0000000,0x00000000a4de3238,0x00000000acb00000)
 Metaspace       used 89989K, capacity 93261K, committed 93440K, reserved 1130496K
  class space    used 11516K, capacity 12231K, committed 12288K, reserved 1048576K
Event: 2245.316 GC heap after
Heap after GC invocations=26 (full 5):
 PSYoungGen      total 442368K, used 55077K [0x00000000e0000000, 0x0000000100000000, 0x0000000100000000)
  eden space 371200K, 0% used [0x00000000e0000000,0x00000000e0000000,0x00000000f6a80000)
  from space 71168K, 77% used [0x00000000f6a80000,0x00000000fa0496d8,0x00000000fb000000)
  to   space 77824K, 0% used [0x00000000fb400000,0x00000000fb400000,0x0000000100000000)
 ParOldGen       total 207872K, used 79764K [0x00000000a0000000, 0x00000000acb00000, 0x00000000e0000000)
  object space 207872K, 38% used [0x00000000a0000000,0x00000000a4de5238,0x00000000acb00000)
 Metaspace       used 89989K, capacity 93261K, committed 93440K, reserved 1130496K
  class space    used 11516K, capacity 12231K, committed 12288K, reserved 1048576K
}
Event: 2247.022 GC heap before
{Heap before GC invocations=27 (full 5):
 PSYoungGen      total 442368K, used 426277K [0x00000000e0000000, 0x0000000100000000, 0x0000000100000000)
  eden space 371200K, 100% used [0x00000000e0000000,0x00000000f6a80000,0x00000000f6a80000)
  from space 71168K, 77% used [0x00000000f6a80000,0x00000000fa0496d8,0x00000000fb000000)
  to   space 77824K, 0% used [0x00000000fb400000,0x00000000fb400000,0x0000000100000000)
 ParOldGen       total 207872K, used 79764K [0x00000000a0000000, 0x00000000acb00000, 0x00000000e0000000)
  object space 207872K, 38% used [0x00000000a0000000,0x00000000a4de5238,0x00000000acb00000)
 Metaspace       used 90603K, capacity 93919K, committed 94080K, reserved 1130496K
  class space    used 11581K, capacity 12298K, committed 12416K, reserved 1048576K
Event: 2247.272 GC heap after
Heap after GC invocations=27 (full 5):
 PSYoungGen      total 349184K, used 77813K [0x00000000e0000000, 0x0000000100000000, 0x0000000100000000)
  eden space 271360K, 0% used [0x00000000e0000000,0x00000000e0000000,0x00000000f0900000)
  from space 77824K, 99% used [0x00000000fb400000,0x00000000ffffd4b8,0x0000000100000000)
  to   space 126464K, 0% used [0x00000000f0900000,0x00000000f0900000,0x00000000f8480000)
 ParOldGen       total 207872K, used 175024K [0x00000000a0000000, 0x00000000acb00000, 0x00000000e0000000)
  object space 207872K, 84% used [0x00000000a0000000,0x00000000aaaec0a8,0x00000000acb00000)
 Metaspace       used 90603K, capacity 93919K, committed 94080K, reserved 1130496K
  class space    used 11581K, capacity 12298K, committed 12416K, reserved 1048576K
}
Event: 2247.273 GC heap before
{Heap before GC invocations=28 (full 6):
 PSYoungGen      total 349184K, used 77813K [0x00000000e0000000, 0x0000000100000000, 0x0000000100000000)
  eden space 271360K, 0% used [0x00000000e0000000,0x00000000e0000000,0x00000000f0900000)
  from space 77824K, 99% used [0x00000000fb400000,0x00000000ffffd4b8,0x0000000100000000)
  to   space 126464K, 0% used [0x00000000f0900000,0x00000000f0900000,0x00000000f8480000)
 ParOldGen       total 207872K, used 175024K [0x00000000a0000000, 0x00000000acb00000, 0x00000000e0000000)
  object space 207872K, 84% used [0x00000000a0000000,0x00000000aaaec0a8,0x00000000acb00000)
 Metaspace       used 90603K, capacity 93919K, committed 94080K, reserved 1130496K
  class space    used 11581K, capacity 12298K, committed 12416K, reserved 1048576K

