# JRE version: OpenJDK Runtime Environment (8.0_152-b01) (build 1.8.0_152-release-1024-b01)
# Java VM: OpenJDK 64-Bit Server VM (25.152-b01 mixed mode linux-amd64 compressed oops)
Heap:
 PSYoungGen      total 109568K, used 39915K [0x00000000e0000000, 0x00000000ea100000, 0x0000000100000000)
  eden space 69632K, 0% used [0x00000000e0000000,0x00000000e0000000,0x00000000e4400000)
  from space 39936K, 99% used [0x00000000e7a00000,0x00000000ea0fae18,0x00000000ea100000)
  to   space 28160K, 0% used [0x00000000e4400000,0x00000000e4400000,0x00000000e5f80000)
 ParOldGen       total 87040K, used 59322K [0x00000000a0000000, 0x00000000a5500000, 0x00000000e0000000)
  object space 87040K, 68% used [0x00000000a0000000,0x00000000a39eeb10,0x00000000a5500000)
 Metaspace       used 56658K, capacity 57686K, committed 58672K, reserved 1101824K
  class space    used 6585K, capacity 6806K, committed 6960K, reserved 1048576K
GC Heap History (10 events):
Event: 9288.098 GC heap after
Heap after GC invocations=25 (full 4):
 PSYoungGen      total 102912K, used 15689K [0x00000000e0000000, 0x00000000e7b00000, 0x0000000100000000)
  eden space 79872K, 0% used [0x00000000e0000000,0x00000000e0000000,0x00000000e4e00000)
  from space 23040K, 68% used [0x00000000e4e00000,0x00000000e5d525b0,0x00000000e6480000)
  to   space 22528K, 0% used [0x00000000e6500000,0x00000000e6500000,0x00000000e7b00000)
 ParOldGen       total 87040K, used 22845K [0x00000000a0000000, 0x00000000a5500000, 0x00000000e0000000)
  object space 87040K, 26% used [0x00000000a0000000,0x00000000a164f658,0x00000000a5500000)
 Metaspace       used 56280K, capacity 57284K, committed 58160K, reserved 1099776K
  class space    used 6580K, capacity 6803K, committed 6960K, reserved 1048576K
}
Event: 11766.599 GC heap before
{Heap before GC invocations=26 (full 4):
 PSYoungGen      total 102912K, used 95561K [0x00000000e0000000, 0x00000000e7b00000, 0x0000000100000000)
  eden space 79872K, 100% used [0x00000000e0000000,0x00000000e4e00000,0x00000000e4e00000)
  from space 23040K, 68% used [0x00000000e4e00000,0x00000000e5d525b0,0x00000000e6480000)
  to   space 22528K, 0% used [0x00000000e6500000,0x00000000e6500000,0x00000000e7b00000)
 ParOldGen       total 87040K, used 22845K [0x00000000a0000000, 0x00000000a5500000, 0x00000000e0000000)
  object space 87040K, 26% used [0x00000000a0000000,0x00000000a164f658,0x00000000a5500000)
 Metaspace       used 56383K, capacity 57412K, committed 58416K, reserved 1101824K
  class space    used 6580K, capacity 6803K, committed 6960K, reserved 1048576K
Event: 11766.616 GC heap after
Heap after GC invocations=26 (full 4):
 PSYoungGen      total 97280K, used 9997K [0x00000000e0000000, 0x00000000e7800000, 0x0000000100000000)
  eden space 77824K, 0% used [0x00000000e0000000,0x00000000e0000000,0x00000000e4c00000)
  from space 19456K, 51% used [0x00000000e6500000,0x00000000e6ec3488,0x00000000e7800000)
  to   space 22528K, 0% used [0x00000000e4c00000,0x00000000e4c00000,0x00000000e6200000)
 ParOldGen       total 87040K, used 22853K [0x00000000a0000000, 0x00000000a5500000, 0x00000000e0000000)
  object space 87040K, 26% used [0x00000000a0000000,0x00000000a1651658,0x00000000a5500000)
 Metaspace       used 56383K, capacity 57412K, committed 58416K, reserved 1101824K
  class space    used 6580K, capacity 6803K, committed 6960K, reserved 1048576K
}
Event: 11766.898 GC heap before
{Heap before GC invocations=27 (full 4):
 PSYoungGen      total 97280K, used 87821K [0x00000000e0000000, 0x00000000e7800000, 0x0000000100000000)
  eden space 77824K, 100% used [0x00000000e0000000,0x00000000e4c00000,0x00000000e4c00000)
  from space 19456K, 51% used [0x00000000e6500000,0x00000000e6ec3488,0x00000000e7800000)
  to   space 22528K, 0% used [0x00000000e4c00000,0x00000000e4c00000,0x00000000e6200000)
 ParOldGen       total 87040K, used 22853K [0x00000000a0000000, 0x00000000a5500000, 0x00000000e0000000)
  object space 87040K, 26% used [0x00000000a0000000,0x00000000a1651658,0x00000000a5500000)
 Metaspace       used 56402K, capacity 57418K, committed 58416K, reserved 1101824K
  class space    used 6581K, capacity 6804K, committed 6960K, reserved 1048576K
Event: 11766.907 GC heap after
Heap after GC invocations=27 (full 4):
 PSYoungGen      total 88576K, used 12308K [0x00000000e0000000, 0x00000000e7500000, 0x0000000100000000)
  eden space 75776K, 0% used [0x00000000e0000000,0x00000000e0000000,0x00000000e4a00000)
  from space 12800K, 96% used [0x00000000e4c00000,0x00000000e5805200,0x00000000e5880000)
  to   space 22016K, 0% used [0x00000000e5f80000,0x00000000e5f80000,0x00000000e7500000)
 ParOldGen       total 87040K, used 22861K [0x00000000a0000000, 0x00000000a5500000, 0x00000000e0000000)
  object space 87040K, 26% used [0x00000000a0000000,0x00000000a1653658,0x00000000a5500000)
 Metaspace       used 56402K, capacity 57418K, committed 58416K, reserved 1101824K
  class space    used 6581K, capacity 6804K, committed 6960K, reserved 1048576K
}
Event: 11767.381 GC heap before
{Heap before GC invocations=28 (full 4):
 PSYoungGen      total 88576K, used 88084K [0x00000000e0000000, 0x00000000e7500000, 0x0000000100000000)
  eden space 75776K, 100% used [0x00000000e0000000,0x00000000e4a00000,0x00000000e4a00000)
  from space 12800K, 96% used [0x00000000e4c00000,0x00000000e5805200,0x00000000e5880000)
  to   space 22016K, 0% used [0x00000000e5f80000,0x00000000e5f80000,0x00000000e7500000)
 ParOldGen       total 87040K, used 22861K [0x00000000a0000000, 0x00000000a5500000, 0x00000000e0000000)
  object space 87040K, 26% used [0x00000000a0000000,0x00000000a1653658,0x00000000a5500000)
 Metaspace       used 56418K, capacity 57494K, committed 58416K, reserved 1101824K
  class space    used 6582K, capacity 6806K, committed 6960K, reserved 1048576K
Event: 11767.440 GC heap after
Heap after GC invocations=28 (full 4):
 PSYoungGen      total 91648K, used 22007K [0x00000000e0000000, 0x00000000e8f80000, 0x0000000100000000)
  eden space 69632K, 0% used [0x00000000e0000000,0x00000000e0000000,0x00000000e4400000)
  from space 22016K, 99% used [0x00000000e5f80000,0x00000000e74fdff0,0x00000000e7500000)
  to   space 28160K, 0% used [0x00000000e4400000,0x00000000e4400000,0x00000000e5f80000)
 ParOldGen       total 87040K, used 32616K [0x00000000a0000000, 0x00000000a5500000, 0x00000000e0000000)
  object space 87040K, 37% used [0x00000000a0000000,0x00000000a1fda2d8,0x00000000a5500000)
 Metaspace       used 56418K, capacity 57494K, committed 58416K, reserved 1101824K
  class space    used 6582K, capacity 6806K, committed 6960K, reserved 1048576K
}
Event: 11768.319 GC heap before
{Heap before GC invocations=29 (full 4):
 PSYoungGen      total 91648K, used 91639K [0x00000000e0000000, 0x00000000e8f80000, 0x0000000100000000)
  eden space 69632K, 100% used [0x00000000e0000000,0x00000000e4400000,0x00000000e4400000)
  from space 22016K, 99% used [0x00000000e5f80000,0x00000000e74fdff0,0x00000000e7500000)
  to   space 28160K, 0% used [0x00000000e4400000,0x00000000e4400000,0x00000000e5f80000)
 ParOldGen       total 87040K, used 32616K [0x00000000a0000000, 0x00000000a5500000, 0x00000000e0000000)
  object space 87040K, 37% used [0x00000000a0000000,0x00000000a1fda2d8,0x00000000a5500000)
 Metaspace       used 56626K, capacity 57686K, committed 58672K, reserved 1101824K
  class space    used 6582K, capacity 6806K, committed 6960K, reserved 1048576K
Event: 11768.383 GC heap after
Heap after GC invocations=29 (full 4):
 PSYoungGen      total 97792K, used 28138K [0x00000000e0000000, 0x00000000ea100000, 0x0000000100000000)
  eden space 69632K, 0% used [0x00000000e0000000,0x00000000e0000000,0x00000000e4400000)
  from space 28160K, 99% used [0x00000000e4400000,0x00000000e5f7a930,0x00000000e5f80000)
  to   space 39936K, 0% used [0x00000000e7a00000,0x00000000e7a00000,0x00000000ea100000)
 ParOldGen       total 87040K, used 56020K [0x00000000a0000000, 0x00000000a5500000, 0x00000000e0000000)
  object space 87040K, 64% used [0x00000000a0000000,0x00000000a36b5048,0x00000000a5500000)
 Metaspace       used 56626K, capacity 57686K, committed 58672K, reserved 1101824K
  class space    used 6582K, capacity 6806K, committed 6960K, reserved 1048576K
}
Event: 11769.202 GC heap before
{Heap before GC invocations=30 (full 4):
 PSYoungGen      total 97792K, used 97770K [0x00000000e0000000, 0x00000000ea100000, 0x0000000100000000)
  eden space 69632K, 100% used [0x00000000e0000000,0x00000000e4400000,0x00000000e4400000)
  from space 28160K, 99% used [0x00000000e4400000,0x00000000e5f7a930,0x00000000e5f80000)
  to   space 39936K, 0% used [0x00000000e7a00000,0x00000000e7a00000,0x00000000ea100000)
 ParOldGen       total 87040K, used 56020K [0x00000000a0000000, 0x00000000a5500000, 0x00000000e0000000)
  object space 87040K, 64% used [0x00000000a0000000,0x00000000a36b5048,0x00000000a5500000)
 Metaspace       used 56658K, capacity 57686K, committed 58672K, reserved 1101824K
  class space    used 6585K, capacity 6806K, committed 6960K, reserved 1048576K

