# JRE version: OpenJDK Runtime Environment (8.0_152-b01) (build 1.8.0_152-release-1024-b01)
# Java VM: OpenJDK 64-Bit Server VM (25.152-b01 mixed mode linux-amd64 compressed oops)
Heap:
 PSYoungGen      total 164864K, used 164833K [0x00000000e0000000, 0x00000000ee480000, 0x0000000100000000)
  eden space 132608K, 100% used [0x00000000e0000000,0x00000000e8180000,0x00000000e8180000)
  from space 32256K, 99% used [0x00000000e8180000,0x00000000ea0f87f8,0x00000000ea100000)
  to   space 38912K, 99% used [0x00000000ebe80000,0x00000000ee47fb28,0x00000000ee480000)
 ParOldGen       total 71680K, used 71679K [0x00000000a0000000, 0x00000000a4600000, 0x00000000e0000000)
  object space 71680K, 99% used [0x00000000a0000000,0x00000000a45ffef0,0x00000000a4600000)
 Metaspace       used 53339K, capacity 54304K, committed 54656K, reserved 1097728K
  class space    used 6482K, capacity 6701K, committed 6784K, reserved 1048576K
GC Heap History (10 events):
Event: 4.888 GC heap after
Heap after GC invocations=10 (full 3):
 PSYoungGen      total 79872K, used 0K [0x00000000e0000000, 0x00000000e8e00000, 0x0000000100000000)
  eden space 69120K, 0% used [0x00000000e0000000,0x00000000e0000000,0x00000000e4380000)
  from space 10752K, 0% used [0x00000000e4380000,0x00000000e4380000,0x00000000e4e00000)
  to   space 15872K, 0% used [0x00000000e7e80000,0x00000000e7e80000,0x00000000e8e00000)
 ParOldGen       total 71680K, used 23265K [0x00000000a0000000, 0x00000000a4600000, 0x00000000e0000000)
  object space 71680K, 32% used [0x00000000a0000000,0x00000000a16b86d8,0x00000000a4600000)
 Metaspace       used 34624K, capacity 35123K, committed 35496K, reserved 1081344K
  class space    used 4361K, capacity 4500K, committed 4608K, reserved 1048576K
}
Event: 6.284 GC heap before
{Heap before GC invocations=11 (full 3):
 PSYoungGen      total 79872K, used 69120K [0x00000000e0000000, 0x00000000e8e00000, 0x0000000100000000)
  eden space 69120K, 100% used [0x00000000e0000000,0x00000000e4380000,0x00000000e4380000)
  from space 10752K, 0% used [0x00000000e4380000,0x00000000e4380000,0x00000000e4e00000)
  to   space 15872K, 0% used [0x00000000e7e80000,0x00000000e7e80000,0x00000000e8e00000)
 ParOldGen       total 71680K, used 23265K [0x00000000a0000000, 0x00000000a4600000, 0x00000000e0000000)
  object space 71680K, 32% used [0x00000000a0000000,0x00000000a16b86d8,0x00000000a4600000)
 Metaspace       used 40484K, capacity 41136K, committed 41600K, reserved 1085440K
  class space    used 5084K, capacity 5241K, committed 5248K, reserved 1048576K
Event: 6.311 GC heap after
Heap after GC invocations=11 (full 3):
 PSYoungGen      total 116736K, used 12756K [0x00000000e0000000, 0x00000000e8b00000, 0x0000000100000000)
  eden space 103936K, 0% used [0x00000000e0000000,0x00000000e0000000,0x00000000e6580000)
  from space 12800K, 99% used [0x00000000e7e80000,0x00000000e8af5240,0x00000000e8b00000)
  to   space 17408K, 0% used [0x00000000e6900000,0x00000000e6900000,0x00000000e7a00000)
 ParOldGen       total 71680K, used 23273K [0x00000000a0000000, 0x00000000a4600000, 0x00000000e0000000)
  object space 71680K, 32% used [0x00000000a0000000,0x00000000a16ba6d8,0x00000000a4600000)
 Metaspace       used 40484K, capacity 41136K, committed 41600K, reserved 1085440K
  class space    used 5084K, capacity 5241K, committed 5248K, reserved 1048576K
}
Event: 77.058 GC heap before
{Heap before GC invocations=12 (full 3):
 PSYoungGen      total 116736K, used 116692K [0x00000000e0000000, 0x00000000e8b00000, 0x0000000100000000)
  eden space 103936K, 100% used [0x00000000e0000000,0x00000000e6580000,0x00000000e6580000)
  from space 12800K, 99% used [0x00000000e7e80000,0x00000000e8af5240,0x00000000e8b00000)
  to   space 17408K, 0% used [0x00000000e6900000,0x00000000e6900000,0x00000000e7a00000)
 ParOldGen       total 71680K, used 23273K [0x00000000a0000000, 0x00000000a4600000, 0x00000000e0000000)
  object space 71680K, 32% used [0x00000000a0000000,0x00000000a16ba6d8,0x00000000a4600000)
 Metaspace       used 51491K, capacity 52406K, committed 52736K, reserved 1095680K
  class space    used 6402K, capacity 6618K, committed 6656K, reserved 1048576K
Event: 77.126 GC heap after
Heap after GC invocations=12 (full 3):
 PSYoungGen      total 124928K, used 17398K [0x00000000e0000000, 0x00000000ec080000, 0x0000000100000000)
  eden space 107520K, 0% used [0x00000000e0000000,0x00000000e0000000,0x00000000e6900000)
  from space 17408K, 99% used [0x00000000e6900000,0x00000000e79fd908,0x00000000e7a00000)
  to   space 24064K, 0% used [0x00000000ea900000,0x00000000ea900000,0x00000000ec080000)
 ParOldGen       total 71680K, used 32651K [0x00000000a0000000, 0x00000000a4600000, 0x00000000e0000000)
  object space 71680K, 45% used [0x00000000a0000000,0x00000000a1fe2ee8,0x00000000a4600000)
 Metaspace       used 51491K, capacity 52406K, committed 52736K, reserved 1095680K
  class space    used 6402K, capacity 6618K, committed 6656K, reserved 1048576K
}
Event: 168.236 GC heap before
{Heap before GC invocations=13 (full 3):
 PSYoungGen      total 124928K, used 124918K [0x00000000e0000000, 0x00000000ec080000, 0x0000000100000000)
  eden space 107520K, 100% used [0x00000000e0000000,0x00000000e6900000,0x00000000e6900000)
  from space 17408K, 99% used [0x00000000e6900000,0x00000000e79fd908,0x00000000e7a00000)
  to   space 24064K, 0% used [0x00000000ea900000,0x00000000ea900000,0x00000000ec080000)
 ParOldGen       total 71680K, used 32651K [0x00000000a0000000, 0x00000000a4600000, 0x00000000e0000000)
  object space 71680K, 45% used [0x00000000a0000000,0x00000000a1fe2ee8,0x00000000a4600000)
 Metaspace       used 52501K, capacity 53422K, committed 53632K, reserved 1095680K
  class space    used 6469K, capacity 6694K, committed 6784K, reserved 1048576K
Event: 168.322 GC heap after
Heap after GC invocations=13 (full 3):
 PSYoungGen      total 155648K, used 24043K [0x00000000e0000000, 0x00000000ec080000, 0x0000000100000000)
  eden space 131584K, 0% used [0x00000000e0000000,0x00000000e0000000,0x00000000e8080000)
  from space 24064K, 99% used [0x00000000ea900000,0x00000000ec07ac08,0x00000000ec080000)
  to   space 32256K, 0% used [0x00000000e8180000,0x00000000e8180000,0x00000000ea100000)
 ParOldGen       total 71680K, used 44910K [0x00000000a0000000, 0x00000000a4600000, 0x00000000e0000000)
  object space 71680K, 62% used [0x00000000a0000000,0x00000000a2bdb980,0x00000000a4600000)
 Metaspace       used 52501K, capacity 53422K, committed 53632K, reserved 1095680K
  class space    used 6469K, capacity 6694K, committed 6784K, reserved 1048576K
}
Event: 234.632 GC heap before
{Heap before GC invocations=14 (full 3):
 PSYoungGen      total 155648K, used 155627K [0x00000000e0000000, 0x00000000ec080000, 0x0000000100000000)
  eden space 131584K, 100% used [0x00000000e0000000,0x00000000e8080000,0x00000000e8080000)
  from space 24064K, 99% used [0x00000000ea900000,0x00000000ec07ac08,0x00000000ec080000)
  to   space 32256K, 0% used [0x00000000e8180000,0x00000000e8180000,0x00000000ea100000)
 ParOldGen       total 71680K, used 44910K [0x00000000a0000000, 0x00000000a4600000, 0x00000000e0000000)
  object space 71680K, 62% used [0x00000000a0000000,0x00000000a2bdb980,0x00000000a4600000)
 Metaspace       used 52962K, capacity 53902K, committed 54144K, reserved 1097728K
  class space    used 6480K, capacity 6698K, committed 6784K, reserved 1048576K
Event: 234.724 GC heap after
Heap after GC invocations=14 (full 3):
 PSYoungGen      total 164864K, used 32225K [0x00000000e0000000, 0x00000000ee480000, 0x0000000100000000)
  eden space 132608K, 0% used [0x00000000e0000000,0x00000000e0000000,0x00000000e8180000)
  from space 32256K, 99% used [0x00000000e8180000,0x00000000ea0f87f8,0x00000000ea100000)
  to   space 38912K, 0% used [0x00000000ebe80000,0x00000000ebe80000,0x00000000ee480000)
 ParOldGen       total 71680K, used 49247K [0x00000000a0000000, 0x00000000a4600000, 0x00000000e0000000)
  object space 71680K, 68% used [0x00000000a0000000,0x00000000a3017fd0,0x00000000a4600000)
 Metaspace       used 52962K, capacity 53902K, committed 54144K, reserved 1097728K
  class space    used 6480K, capacity 6698K, committed 6784K, reserved 1048576K
}
Event: 237.912 GC heap before
{Heap before GC invocations=15 (full 3):
 PSYoungGen      total 164864K, used 164833K [0x00000000e0000000, 0x00000000ee480000, 0x0000000100000000)
  eden space 132608K, 100% used [0x00000000e0000000,0x00000000e8180000,0x00000000e8180000)
  from space 32256K, 99% used [0x00000000e8180000,0x00000000ea0f87f8,0x00000000ea100000)
  to   space 38912K, 0% used [0x00000000ebe80000,0x00000000ebe80000,0x00000000ee480000)
 ParOldGen       total 71680K, used 49247K [0x00000000a0000000, 0x00000000a4600000, 0x00000000e0000000)
  object space 71680K, 68% used [0x00000000a0000000,0x00000000a3017fd0,0x00000000a4600000)
 Metaspace       used 53339K, capacity 54304K, committed 54656K, reserved 1097728K
  class space    used 6482K, capacity 6701K, committed 6784K, reserved 1048576K

